Determining if the pthread_create exist failed with the following output:
Change Dir: /home/cristi/catkin_ws/src/cristi/turtlebot_arm_kinect_calibration/CMakeFiles/CMakeTmp

Run Build Command:/usr/bin/make "cmTryCompileExec1108996736/fast"
/usr/bin/make -f CMakeFiles/cmTryCompileExec1108996736.dir/build.make CMakeFiles/cmTryCompileExec1108996736.dir/build
make[1]: Entering directory `/home/cristi/catkin_ws/src/cristi/turtlebot_arm_kinect_calibration/CMakeFiles/CMakeTmp'
/usr/bin/cmake -E cmake_progress_report /home/cristi/catkin_ws/src/cristi/turtlebot_arm_kinect_calibration/CMakeFiles/CMakeTmp/CMakeFiles 1
Building C object CMakeFiles/cmTryCompileExec1108996736.dir/CheckSymbolExists.c.o
/usr/bin/cc    -o CMakeFiles/cmTryCompileExec1108996736.dir/CheckSymbolExists.c.o   -c /home/cristi/catkin_ws/src/cristi/turtlebot_arm_kinect_calibration/CMakeFiles/CMakeTmp/CheckSymbolExists.c
Linking C executable cmTryCompileExec1108996736
/usr/bin/cmake -E cmake_link_script CMakeFiles/cmTryCompileExec1108996736.dir/link.txt --verbose=1
/usr/bin/cc       CMakeFiles/cmTryCompileExec1108996736.dir/CheckSymbolExists.c.o  -o cmTryCompileExec1108996736 -rdynamic 
CMakeFiles/cmTryCompileExec1108996736.dir/CheckSymbolExists.c.o: In function `main':
CheckSymbolExists.c:(.text+0x16): undefined reference to `pthread_create'
collect2: error: ld returned 1 exit status
make[1]: *** [cmTryCompileExec1108996736] Error 1
make[1]: Leaving directory `/home/cristi/catkin_ws/src/cristi/turtlebot_arm_kinect_calibration/CMakeFiles/CMakeTmp'
make: *** [cmTryCompileExec1108996736/fast] Error 2

File /home/cristi/catkin_ws/src/cristi/turtlebot_arm_kinect_calibration/CMakeFiles/CMakeTmp/CheckSymbolExists.c:
/* */
#include <pthread.h>

int main(int argc, char** argv)
{
  (void)argv;
#ifndef pthread_create
  return ((int*)(&pthread_create))[argc];
#else
  (void)argc;
  return 0;
#endif
}

Determining if the function pthread_create exists in the pthreads failed with the following output:
Change Dir: /home/cristi/catkin_ws/src/cristi/turtlebot_arm_kinect_calibration/CMakeFiles/CMakeTmp

Run Build Command:/usr/bin/make "cmTryCompileExec1510152680/fast"
/usr/bin/make -f CMakeFiles/cmTryCompileExec1510152680.dir/build.make CMakeFiles/cmTryCompileExec1510152680.dir/build
make[1]: Entering directory `/home/cristi/catkin_ws/src/cristi/turtlebot_arm_kinect_calibration/CMakeFiles/CMakeTmp'
/usr/bin/cmake -E cmake_progress_report /home/cristi/catkin_ws/src/cristi/turtlebot_arm_kinect_calibration/CMakeFiles/CMakeTmp/CMakeFiles 1
Building C object CMakeFiles/cmTryCompileExec1510152680.dir/CheckFunctionExists.c.o
/usr/bin/cc   -DCHECK_FUNCTION_EXISTS=pthread_create   -o CMakeFiles/cmTryCompileExec1510152680.dir/CheckFunctionExists.c.o   -c /usr/share/cmake-2.8/Modules/CheckFunctionExists.c
Linking C executable cmTryCompileExec1510152680
/usr/bin/cmake -E cmake_link_script CMakeFiles/cmTryCompileExec1510152680.dir/link.txt --verbose=1
/usr/bin/cc   -DCHECK_FUNCTION_EXISTS=pthread_create    CMakeFiles/cmTryCompileExec1510152680.dir/CheckFunctionExists.c.o  -o cmTryCompileExec1510152680 -rdynamic -lpthreads 
/usr/bin/ld: cannot find -lpthreads
collect2: error: ld returned 1 exit status
make[1]: *** [cmTryCompileExec1510152680] Error 1
make[1]: Leaving directory `/home/cristi/catkin_ws/src/cristi/turtlebot_arm_kinect_calibration/CMakeFiles/CMakeTmp'
make: *** [cmTryCompileExec1510152680/fast] Error 2


